{"/Users/kcasti01/Documents/Personal/GhostSwap /hooks/use-mobile.ts": {"path":"/Users/kcasti01/Documents/Personal/GhostSwap /hooks/use-mobile.ts","statementMap":{"0":{"start":{"line":3,"column":26},"end":{"line":3,"column":null}},"1":{"start":{"line":6,"column":34},"end":{"line":6,"column":null}},"2":{"start":{"line":8,"column":2},"end":{"line":16,"column":null}},"3":{"start":{"line":9,"column":16},"end":{"line":9,"column":null}},"4":{"start":{"line":10,"column":21},"end":{"line":12,"column":null}},"5":{"start":{"line":11,"column":6},"end":{"line":11,"column":null}},"6":{"start":{"line":13,"column":4},"end":{"line":13,"column":null}},"7":{"start":{"line":14,"column":4},"end":{"line":14,"column":null}},"8":{"start":{"line":15,"column":4},"end":{"line":15,"column":null}},"9":{"start":{"line":15,"column":17},"end":{"line":15,"column":null}},"10":{"start":{"line":18,"column":2},"end":{"line":18,"column":null}}},"fnMap":{"0":{"name":"useIsMobile","decl":{"start":{"line":5,"column":16},"end":{"line":5,"column":30}},"loc":{"start":{"line":5,"column":30},"end":{"line":19,"column":null}},"line":5},"1":{"name":"(anonymous_1)","decl":{"start":{"line":8,"column":18},"end":{"line":8,"column":24}},"loc":{"start":{"line":8,"column":24},"end":{"line":16,"column":5}},"line":8},"2":{"name":"(anonymous_2)","decl":{"start":{"line":10,"column":21},"end":{"line":10,"column":27}},"loc":{"start":{"line":10,"column":27},"end":{"line":12,"column":null}},"line":10},"3":{"name":"(anonymous_3)","decl":{"start":{"line":15,"column":11},"end":{"line":15,"column":17}},"loc":{"start":{"line":15,"column":17},"end":{"line":15,"column":null}},"line":15}},"branchMap":{},"s":{"0":1,"1":13,"2":13,"3":6,"4":6,"5":1,"6":6,"7":6,"8":6,"9":6,"10":13},"f":{"0":13,"1":6,"2":1,"3":6},"b":{},"meta":{"lastBranch":0,"lastFunction":4,"lastStatement":11,"seen":{"s:3:26:3:Infinity":0,"f:5:16:5:30":0,"s:6:34:6:Infinity":1,"s:8:2:16:Infinity":2,"f:8:18:8:24":1,"s:9:16:9:Infinity":3,"s:10:21:12:Infinity":4,"f:10:21:10:27":2,"s:11:6:11:Infinity":5,"s:13:4:13:Infinity":6,"s:14:4:14:Infinity":7,"s:15:4:15:Infinity":8,"f:15:11:15:17":3,"s:15:17:15:Infinity":9,"s:18:2:18:Infinity":10}}}
,"/Users/kcasti01/Documents/Personal/GhostSwap /hooks/use-toast.ts": {"path":"/Users/kcasti01/Documents/Personal/GhostSwap /hooks/use-toast.ts","statementMap":{"0":{"start":{"line":8,"column":20},"end":{"line":8,"column":null}},"1":{"start":{"line":9,"column":27},"end":{"line":9,"column":null}},"2":{"start":{"line":18,"column":20},"end":{"line":23,"column":null}},"3":{"start":{"line":25,"column":12},"end":{"line":25,"column":null}},"4":{"start":{"line":28,"column":2},"end":{"line":28,"column":null}},"5":{"start":{"line":29,"column":2},"end":{"line":29,"column":null}},"6":{"start":{"line":56,"column":22},"end":{"line":56,"column":null}},"7":{"start":{"line":58,"column":25},"end":{"line":72,"column":null}},"8":{"start":{"line":59,"column":2},"end":{"line":61,"column":null}},"9":{"start":{"line":60,"column":4},"end":{"line":60,"column":null}},"10":{"start":{"line":63,"column":18},"end":{"line":69,"column":null}},"11":{"start":{"line":64,"column":4},"end":{"line":64,"column":null}},"12":{"start":{"line":65,"column":4},"end":{"line":68,"column":null}},"13":{"start":{"line":71,"column":2},"end":{"line":71,"column":null}},"14":{"start":{"line":74,"column":23},"end":{"line":127,"column":null}},"15":{"start":{"line":75,"column":2},"end":{"line":126,"column":null}},"16":{"start":{"line":77,"column":6},"end":{"line":80,"column":null}},"17":{"start":{"line":83,"column":6},"end":{"line":88,"column":null}},"18":{"start":{"line":86,"column":10},"end":{"line":86,"column":null}},"19":{"start":{"line":91,"column":26},"end":{"line":91,"column":null}},"20":{"start":{"line":95,"column":6},"end":{"line":101,"column":null}},"21":{"start":{"line":96,"column":8},"end":{"line":96,"column":null}},"22":{"start":{"line":98,"column":8},"end":{"line":100,"column":null}},"23":{"start":{"line":99,"column":10},"end":{"line":99,"column":null}},"24":{"start":{"line":103,"column":6},"end":{"line":113,"column":null}},"25":{"start":{"line":106,"column":10},"end":{"line":111,"column":null}},"26":{"start":{"line":116,"column":6},"end":{"line":121,"column":null}},"27":{"start":{"line":117,"column":8},"end":{"line":120,"column":null}},"28":{"start":{"line":122,"column":6},"end":{"line":125,"column":null}},"29":{"start":{"line":124,"column":43},"end":{"line":124,"column":66}},"30":{"start":{"line":129,"column":49},"end":{"line":129,"column":null}},"31":{"start":{"line":131,"column":25},"end":{"line":131,"column":null}},"32":{"start":{"line":134,"column":2},"end":{"line":134,"column":null}},"33":{"start":{"line":135,"column":2},"end":{"line":137,"column":null}},"34":{"start":{"line":136,"column":4},"end":{"line":136,"column":null}},"35":{"start":{"line":143,"column":13},"end":{"line":143,"column":null}},"36":{"start":{"line":145,"column":17},"end":{"line":149,"column":null}},"37":{"start":{"line":146,"column":4},"end":{"line":149,"column":null}},"38":{"start":{"line":150,"column":18},"end":{"line":150,"column":null}},"39":{"start":{"line":150,"column":24},"end":{"line":150,"column":null}},"40":{"start":{"line":152,"column":2},"end":{"line":162,"column":null}},"41":{"start":{"line":159,"column":8},"end":{"line":159,"column":null}},"42":{"start":{"line":159,"column":19},"end":{"line":159,"column":null}},"43":{"start":{"line":164,"column":2},"end":{"line":168,"column":null}},"44":{"start":{"line":172,"column":28},"end":{"line":172,"column":null}},"45":{"start":{"line":174,"column":2},"end":{"line":182,"column":null}},"46":{"start":{"line":175,"column":4},"end":{"line":175,"column":null}},"47":{"start":{"line":176,"column":4},"end":{"line":181,"column":null}},"48":{"start":{"line":177,"column":20},"end":{"line":177,"column":null}},"49":{"start":{"line":178,"column":6},"end":{"line":180,"column":null}},"50":{"start":{"line":179,"column":8},"end":{"line":179,"column":null}},"51":{"start":{"line":184,"column":2},"end":{"line":188,"column":null}},"52":{"start":{"line":187,"column":35},"end":{"line":187,"column":null}}},"fnMap":{"0":{"name":"genId","decl":{"start":{"line":27,"column":9},"end":{"line":27,"column":17}},"loc":{"start":{"line":27,"column":17},"end":{"line":30,"column":null}},"line":27},"1":{"name":"(anonymous_1)","decl":{"start":{"line":58,"column":25},"end":{"line":58,"column":26}},"loc":{"start":{"line":58,"column":46},"end":{"line":72,"column":null}},"line":58},"2":{"name":"(anonymous_2)","decl":{"start":{"line":63,"column":29},"end":{"line":63,"column":35}},"loc":{"start":{"line":63,"column":35},"end":{"line":69,"column":5}},"line":63},"3":{"name":"(anonymous_3)","decl":{"start":{"line":74,"column":23},"end":{"line":74,"column":24}},"loc":{"start":{"line":74,"column":64},"end":{"line":127,"column":null}},"line":74},"4":{"name":"(anonymous_4)","decl":{"start":{"line":85,"column":33},"end":{"line":85,"column":34}},"loc":{"start":{"line":86,"column":10},"end":{"line":86,"column":null}},"line":86},"5":{"name":"(anonymous_5)","decl":{"start":{"line":98,"column":29},"end":{"line":98,"column":30}},"loc":{"start":{"line":98,"column":40},"end":{"line":100,"column":9}},"line":98},"6":{"name":"(anonymous_6)","decl":{"start":{"line":105,"column":33},"end":{"line":105,"column":34}},"loc":{"start":{"line":106,"column":10},"end":{"line":111,"column":null}},"line":106},"7":{"name":"(anonymous_7)","decl":{"start":{"line":124,"column":36},"end":{"line":124,"column":37}},"loc":{"start":{"line":124,"column":43},"end":{"line":124,"column":66}},"line":124},"8":{"name":"dispatch","decl":{"start":{"line":133,"column":9},"end":{"line":133,"column":18}},"loc":{"start":{"line":133,"column":34},"end":{"line":138,"column":null}},"line":133},"9":{"name":"(anonymous_9)","decl":{"start":{"line":135,"column":20},"end":{"line":135,"column":21}},"loc":{"start":{"line":135,"column":34},"end":{"line":137,"column":3}},"line":135},"10":{"name":"toast","decl":{"start":{"line":142,"column":9},"end":{"line":142,"column":15}},"loc":{"start":{"line":142,"column":36},"end":{"line":169,"column":null}},"line":142},"11":{"name":"(anonymous_11)","decl":{"start":{"line":145,"column":17},"end":{"line":145,"column":18}},"loc":{"start":{"line":146,"column":4},"end":{"line":149,"column":null}},"line":146},"12":{"name":"(anonymous_12)","decl":{"start":{"line":150,"column":18},"end":{"line":150,"column":24}},"loc":{"start":{"line":150,"column":24},"end":{"line":150,"column":null}},"line":150},"13":{"name":"(anonymous_13)","decl":{"start":{"line":158,"column":20},"end":{"line":158,"column":21}},"loc":{"start":{"line":158,"column":30},"end":{"line":160,"column":null}},"line":158},"14":{"name":"useToast","decl":{"start":{"line":171,"column":9},"end":{"line":171,"column":20}},"loc":{"start":{"line":171,"column":20},"end":{"line":189,"column":null}},"line":171},"15":{"name":"(anonymous_15)","decl":{"start":{"line":174,"column":18},"end":{"line":174,"column":24}},"loc":{"start":{"line":174,"column":24},"end":{"line":182,"column":5}},"line":174},"16":{"name":"(anonymous_16)","decl":{"start":{"line":176,"column":11},"end":{"line":176,"column":17}},"loc":{"start":{"line":176,"column":17},"end":{"line":181,"column":null}},"line":176},"17":{"name":"(anonymous_17)","decl":{"start":{"line":187,"column":13},"end":{"line":187,"column":14}},"loc":{"start":{"line":187,"column":35},"end":{"line":187,"column":null}},"line":187}},"branchMap":{"0":{"loc":{"start":{"line":59,"column":2},"end":{"line":61,"column":null}},"type":"if","locations":[{"start":{"line":59,"column":2},"end":{"line":61,"column":null}},{"start":{},"end":{}}],"line":59},"1":{"loc":{"start":{"line":75,"column":2},"end":{"line":126,"column":null}},"type":"switch","locations":[{"start":{"line":76,"column":4},"end":{"line":80,"column":null}},{"start":{"line":82,"column":4},"end":{"line":88,"column":null}},{"start":{"line":90,"column":4},"end":{"line":114,"column":null}},{"start":{"line":115,"column":4},"end":{"line":125,"column":null}}],"line":75},"2":{"loc":{"start":{"line":86,"column":10},"end":{"line":86,"column":null}},"type":"cond-expr","locations":[{"start":{"line":86,"column":37},"end":{"line":86,"column":65}},{"start":{"line":86,"column":65},"end":{"line":86,"column":null}}],"line":86},"3":{"loc":{"start":{"line":95,"column":6},"end":{"line":101,"column":null}},"type":"if","locations":[{"start":{"line":95,"column":6},"end":{"line":101,"column":null}},{"start":{"line":97,"column":13},"end":{"line":101,"column":null}}],"line":95},"4":{"loc":{"start":{"line":106,"column":10},"end":{"line":111,"column":null}},"type":"cond-expr","locations":[{"start":{"line":107,"column":14},"end":{"line":110,"column":null}},{"start":{"line":111,"column":14},"end":{"line":111,"column":null}}],"line":106},"5":{"loc":{"start":{"line":106,"column":10},"end":{"line":106,"column":null}},"type":"binary-expr","locations":[{"start":{"line":106,"column":10},"end":{"line":106,"column":30}},{"start":{"line":106,"column":30},"end":{"line":106,"column":null}}],"line":106},"6":{"loc":{"start":{"line":116,"column":6},"end":{"line":121,"column":null}},"type":"if","locations":[{"start":{"line":116,"column":6},"end":{"line":121,"column":null}},{"start":{},"end":{}}],"line":116},"7":{"loc":{"start":{"line":159,"column":8},"end":{"line":159,"column":null}},"type":"if","locations":[{"start":{"line":159,"column":8},"end":{"line":159,"column":null}},{"start":{},"end":{}}],"line":159},"8":{"loc":{"start":{"line":178,"column":6},"end":{"line":180,"column":null}},"type":"if","locations":[{"start":{"line":178,"column":6},"end":{"line":180,"column":null}},{"start":{},"end":{}}],"line":178}},"s":{"0":0,"1":0,"2":0,"3":0,"4":0,"5":0,"6":0,"7":0,"8":0,"9":0,"10":0,"11":0,"12":0,"13":0,"14":0,"15":0,"16":0,"17":0,"18":0,"19":0,"20":0,"21":0,"22":0,"23":0,"24":0,"25":0,"26":0,"27":0,"28":0,"29":0,"30":0,"31":0,"32":0,"33":0,"34":0,"35":0,"36":0,"37":0,"38":0,"39":0,"40":0,"41":0,"42":0,"43":0,"44":0,"45":0,"46":0,"47":0,"48":0,"49":0,"50":0,"51":0,"52":0},"f":{"0":0,"1":0,"2":0,"3":0,"4":0,"5":0,"6":0,"7":0,"8":0,"9":0,"10":0,"11":0,"12":0,"13":0,"14":0,"15":0,"16":0,"17":0},"b":{"0":[0,0],"1":[0,0,0,0],"2":[0,0],"3":[0,0],"4":[0,0],"5":[0,0],"6":[0,0],"7":[0,0],"8":[0,0]},"meta":{"lastBranch":9,"lastFunction":18,"lastStatement":53,"seen":{"s:8:20:8:Infinity":0,"s:9:27:9:Infinity":1,"s:18:20:23:Infinity":2,"s:25:12:25:Infinity":3,"f:27:9:27:17":0,"s:28:2:28:Infinity":4,"s:29:2:29:Infinity":5,"s:56:22:56:Infinity":6,"s:58:25:72:Infinity":7,"f:58:25:58:26":1,"b:59:2:61:Infinity:undefined:undefined:undefined:undefined":0,"s:59:2:61:Infinity":8,"s:60:4:60:Infinity":9,"s:63:18:69:Infinity":10,"f:63:29:63:35":2,"s:64:4:64:Infinity":11,"s:65:4:68:Infinity":12,"s:71:2:71:Infinity":13,"s:74:23:127:Infinity":14,"f:74:23:74:24":3,"b:76:4:80:Infinity:82:4:88:Infinity:90:4:114:Infinity:115:4:125:Infinity":1,"s:75:2:126:Infinity":15,"s:77:6:80:Infinity":16,"s:83:6:88:Infinity":17,"f:85:33:85:34":4,"s:86:10:86:Infinity":18,"b:86:37:86:65:86:65:86:Infinity":2,"s:91:26:91:Infinity":19,"b:95:6:101:Infinity:97:13:101:Infinity":3,"s:95:6:101:Infinity":20,"s:96:8:96:Infinity":21,"s:98:8:100:Infinity":22,"f:98:29:98:30":5,"s:99:10:99:Infinity":23,"s:103:6:113:Infinity":24,"f:105:33:105:34":6,"s:106:10:111:Infinity":25,"b:107:14:110:Infinity:111:14:111:Infinity":4,"b:106:10:106:30:106:30:106:Infinity":5,"b:116:6:121:Infinity:undefined:undefined:undefined:undefined":6,"s:116:6:121:Infinity":26,"s:117:8:120:Infinity":27,"s:122:6:125:Infinity":28,"f:124:36:124:37":7,"s:124:43:124:66":29,"s:129:49:129:Infinity":30,"s:131:25:131:Infinity":31,"f:133:9:133:18":8,"s:134:2:134:Infinity":32,"s:135:2:137:Infinity":33,"f:135:20:135:21":9,"s:136:4:136:Infinity":34,"f:142:9:142:15":10,"s:143:13:143:Infinity":35,"s:145:17:149:Infinity":36,"f:145:17:145:18":11,"s:146:4:149:Infinity":37,"s:150:18:150:Infinity":38,"f:150:18:150:24":12,"s:150:24:150:Infinity":39,"s:152:2:162:Infinity":40,"f:158:20:158:21":13,"b:159:8:159:Infinity:undefined:undefined:undefined:undefined":7,"s:159:8:159:Infinity":41,"s:159:19:159:Infinity":42,"s:164:2:168:Infinity":43,"f:171:9:171:20":14,"s:172:28:172:Infinity":44,"s:174:2:182:Infinity":45,"f:174:18:174:24":15,"s:175:4:175:Infinity":46,"s:176:4:181:Infinity":47,"f:176:11:176:17":16,"s:177:20:177:Infinity":48,"b:178:6:180:Infinity:undefined:undefined:undefined:undefined":8,"s:178:6:180:Infinity":49,"s:179:8:179:Infinity":50,"s:184:2:188:Infinity":51,"f:187:13:187:14":17,"s:187:35:187:Infinity":52}}}
,"/Users/kcasti01/Documents/Personal/GhostSwap /lib/derangement.ts": {"path":"/Users/kcasti01/Documents/Personal/GhostSwap /lib/derangement.ts","statementMap":{"0":{"start":{"line":7,"column":12},"end":{"line":7,"column":null}},"1":{"start":{"line":8,"column":2},"end":{"line":8,"column":null}},"2":{"start":{"line":8,"column":13},"end":{"line":8,"column":null}},"3":{"start":{"line":11,"column":19},"end":{"line":11,"column":null}},"4":{"start":{"line":13,"column":2},"end":{"line":32,"column":null}},"5":{"start":{"line":13,"column":22},"end":{"line":13,"column":25}},"6":{"start":{"line":15,"column":4},"end":{"line":18,"column":null}},"7":{"start":{"line":15,"column":17},"end":{"line":15,"column":24}},"8":{"start":{"line":16,"column":16},"end":{"line":16,"column":null}},"9":{"start":{"line":17,"column":7},"end":{"line":17,"column":null}},"10":{"start":{"line":21,"column":24},"end":{"line":21,"column":null}},"11":{"start":{"line":22,"column":4},"end":{"line":27,"column":null}},"12":{"start":{"line":22,"column":17},"end":{"line":22,"column":20}},"13":{"start":{"line":23,"column":6},"end":{"line":26,"column":null}},"14":{"start":{"line":24,"column":8},"end":{"line":24,"column":null}},"15":{"start":{"line":25,"column":8},"end":{"line":25,"column":null}},"16":{"start":{"line":29,"column":4},"end":{"line":31,"column":null}},"17":{"start":{"line":30,"column":6},"end":{"line":30,"column":null}},"18":{"start":{"line":35,"column":17},"end":{"line":35,"column":null}},"19":{"start":{"line":36,"column":2},"end":{"line":39,"column":null}},"20":{"start":{"line":36,"column":15},"end":{"line":36,"column":22}},"21":{"start":{"line":37,"column":14},"end":{"line":37,"column":null}},"22":{"start":{"line":38,"column":5},"end":{"line":38,"column":null}},"23":{"start":{"line":41,"column":2},"end":{"line":41,"column":null}}},"fnMap":{"0":{"name":"generateDerangement","decl":{"start":{"line":6,"column":16},"end":{"line":6,"column":36}},"loc":{"start":{"line":6,"column":77},"end":{"line":42,"column":null}},"line":6}},"branchMap":{"0":{"loc":{"start":{"line":8,"column":2},"end":{"line":8,"column":null}},"type":"if","locations":[{"start":{"line":8,"column":2},"end":{"line":8,"column":null}},{"start":{},"end":{}}],"line":8},"1":{"loc":{"start":{"line":23,"column":6},"end":{"line":26,"column":null}},"type":"if","locations":[{"start":{"line":23,"column":6},"end":{"line":26,"column":null}},{"start":{},"end":{}}],"line":23},"2":{"loc":{"start":{"line":29,"column":4},"end":{"line":31,"column":null}},"type":"if","locations":[{"start":{"line":29,"column":4},"end":{"line":31,"column":null}},{"start":{},"end":{}}],"line":29}},"s":{"0":5968,"1":5968,"2":2,"3":5966,"4":5966,"5":5966,"6":15861,"7":15861,"8":71101,"9":71101,"10":15861,"11":15861,"12":15861,"13":59019,"14":9895,"15":9895,"16":15861,"17":5966,"18":0,"19":0,"20":0,"21":0,"22":0,"23":0},"f":{"0":5968},"b":{"0":[2,5966],"1":[9895,49124],"2":[5966,9895]},"meta":{"lastBranch":3,"lastFunction":1,"lastStatement":24,"seen":{"f:6:16:6:36":0,"s:7:12:7:Infinity":0,"b:8:2:8:Infinity:undefined:undefined:undefined:undefined":0,"s:8:2:8:Infinity":1,"s:8:13:8:Infinity":2,"s:11:19:11:Infinity":3,"s:13:2:32:Infinity":4,"s:13:22:13:25":5,"s:15:4:18:Infinity":6,"s:15:17:15:24":7,"s:16:16:16:Infinity":8,"s:17:7:17:Infinity":9,"s:21:24:21:Infinity":10,"s:22:4:27:Infinity":11,"s:22:17:22:20":12,"b:23:6:26:Infinity:undefined:undefined:undefined:undefined":1,"s:23:6:26:Infinity":13,"s:24:8:24:Infinity":14,"s:25:8:25:Infinity":15,"b:29:4:31:Infinity:undefined:undefined:undefined:undefined":2,"s:29:4:31:Infinity":16,"s:30:6:30:Infinity":17,"s:35:17:35:Infinity":18,"s:36:2:39:Infinity":19,"s:36:15:36:22":20,"s:37:14:37:Infinity":21,"s:38:5:38:Infinity":22,"s:41:2:41:Infinity":23}}}
,"/Users/kcasti01/Documents/Personal/GhostSwap /lib/errors.ts": {"path":"/Users/kcasti01/Documents/Personal/GhostSwap /lib/errors.ts","statementMap":{"0":{"start":{"line":3,"column":18},"end":{"line":3,"column":null}},"1":{"start":{"line":4,"column":15},"end":{"line":4,"column":null}},"2":{"start":{"line":7,"column":43},"end":{"line":32,"column":null}},"3":{"start":{"line":35,"column":2},"end":{"line":37,"column":null}},"4":{"start":{"line":36,"column":4},"end":{"line":36,"column":null}},"5":{"start":{"line":40,"column":2},"end":{"line":42,"column":null}},"6":{"start":{"line":41,"column":4},"end":{"line":41,"column":null}},"7":{"start":{"line":43,"column":2},"end":{"line":45,"column":null}},"8":{"start":{"line":44,"column":4},"end":{"line":44,"column":null}},"9":{"start":{"line":46,"column":2},"end":{"line":48,"column":null}},"10":{"start":{"line":47,"column":4},"end":{"line":47,"column":null}},"11":{"start":{"line":49,"column":2},"end":{"line":51,"column":null}},"12":{"start":{"line":50,"column":4},"end":{"line":50,"column":null}},"13":{"start":{"line":52,"column":2},"end":{"line":54,"column":null}},"14":{"start":{"line":53,"column":4},"end":{"line":53,"column":null}},"15":{"start":{"line":55,"column":2},"end":{"line":57,"column":null}},"16":{"start":{"line":56,"column":4},"end":{"line":56,"column":null}},"17":{"start":{"line":58,"column":2},"end":{"line":60,"column":null}},"18":{"start":{"line":59,"column":4},"end":{"line":59,"column":null}},"19":{"start":{"line":61,"column":2},"end":{"line":63,"column":null}},"20":{"start":{"line":62,"column":4},"end":{"line":62,"column":null}},"21":{"start":{"line":64,"column":2},"end":{"line":66,"column":null}},"22":{"start":{"line":65,"column":4},"end":{"line":65,"column":null}},"23":{"start":{"line":69,"column":2},"end":{"line":69,"column":null}}},"fnMap":{"0":{"name":"getUserFriendlyError","decl":{"start":{"line":2,"column":16},"end":{"line":2,"column":37}},"loc":{"start":{"line":2,"column":98},"end":{"line":70,"column":null}},"line":2}},"branchMap":{"0":{"loc":{"start":{"line":3,"column":18},"end":{"line":3,"column":null}},"type":"cond-expr","locations":[{"start":{"line":3,"column":46},"end":{"line":3,"column":54}},{"start":{"line":3,"column":54},"end":{"line":3,"column":null}}],"line":3},"1":{"loc":{"start":{"line":3,"column":54},"end":{"line":3,"column":null}},"type":"binary-expr","locations":[{"start":{"line":3,"column":54},"end":{"line":3,"column":71}},{"start":{"line":3,"column":71},"end":{"line":3,"column":null}}],"line":3},"2":{"loc":{"start":{"line":4,"column":15},"end":{"line":4,"column":null}},"type":"cond-expr","locations":[{"start":{"line":4,"column":43},"end":{"line":4,"column":48}},{"start":{"line":4,"column":48},"end":{"line":4,"column":null}}],"line":4},"3":{"loc":{"start":{"line":4,"column":48},"end":{"line":4,"column":null}},"type":"binary-expr","locations":[{"start":{"line":4,"column":48},"end":{"line":4,"column":62}},{"start":{"line":4,"column":62},"end":{"line":4,"column":null}}],"line":4},"4":{"loc":{"start":{"line":35,"column":2},"end":{"line":37,"column":null}},"type":"if","locations":[{"start":{"line":35,"column":2},"end":{"line":37,"column":null}},{"start":{},"end":{}}],"line":35},"5":{"loc":{"start":{"line":35,"column":6},"end":{"line":35,"column":30}},"type":"binary-expr","locations":[{"start":{"line":35,"column":6},"end":{"line":35,"column":14}},{"start":{"line":35,"column":14},"end":{"line":35,"column":30}}],"line":35},"6":{"loc":{"start":{"line":40,"column":2},"end":{"line":42,"column":null}},"type":"if","locations":[{"start":{"line":40,"column":2},"end":{"line":42,"column":null}},{"start":{},"end":{}}],"line":40},"7":{"loc":{"start":{"line":43,"column":2},"end":{"line":45,"column":null}},"type":"if","locations":[{"start":{"line":43,"column":2},"end":{"line":45,"column":null}},{"start":{},"end":{}}],"line":43},"8":{"loc":{"start":{"line":43,"column":6},"end":{"line":43,"column":79}},"type":"binary-expr","locations":[{"start":{"line":43,"column":6},"end":{"line":43,"column":43}},{"start":{"line":43,"column":43},"end":{"line":43,"column":79}}],"line":43},"9":{"loc":{"start":{"line":46,"column":2},"end":{"line":48,"column":null}},"type":"if","locations":[{"start":{"line":46,"column":2},"end":{"line":48,"column":null}},{"start":{},"end":{}}],"line":46},"10":{"loc":{"start":{"line":46,"column":6},"end":{"line":46,"column":73}},"type":"binary-expr","locations":[{"start":{"line":46,"column":6},"end":{"line":46,"column":41}},{"start":{"line":46,"column":41},"end":{"line":46,"column":73}}],"line":46},"11":{"loc":{"start":{"line":49,"column":2},"end":{"line":51,"column":null}},"type":"if","locations":[{"start":{"line":49,"column":2},"end":{"line":51,"column":null}},{"start":{},"end":{}}],"line":49},"12":{"loc":{"start":{"line":49,"column":6},"end":{"line":49,"column":83}},"type":"binary-expr","locations":[{"start":{"line":49,"column":6},"end":{"line":49,"column":47}},{"start":{"line":49,"column":47},"end":{"line":49,"column":83}}],"line":49},"13":{"loc":{"start":{"line":52,"column":2},"end":{"line":54,"column":null}},"type":"if","locations":[{"start":{"line":52,"column":2},"end":{"line":54,"column":null}},{"start":{},"end":{}}],"line":52},"14":{"loc":{"start":{"line":52,"column":6},"end":{"line":52,"column":64}},"type":"binary-expr","locations":[{"start":{"line":52,"column":6},"end":{"line":52,"column":37}},{"start":{"line":52,"column":37},"end":{"line":52,"column":64}}],"line":52},"15":{"loc":{"start":{"line":55,"column":2},"end":{"line":57,"column":null}},"type":"if","locations":[{"start":{"line":55,"column":2},"end":{"line":57,"column":null}},{"start":{},"end":{}}],"line":55},"16":{"loc":{"start":{"line":58,"column":2},"end":{"line":60,"column":null}},"type":"if","locations":[{"start":{"line":58,"column":2},"end":{"line":60,"column":null}},{"start":{},"end":{}}],"line":58},"17":{"loc":{"start":{"line":61,"column":2},"end":{"line":63,"column":null}},"type":"if","locations":[{"start":{"line":61,"column":2},"end":{"line":63,"column":null}},{"start":{},"end":{}}],"line":61},"18":{"loc":{"start":{"line":64,"column":2},"end":{"line":66,"column":null}},"type":"if","locations":[{"start":{"line":64,"column":2},"end":{"line":66,"column":null}},{"start":{},"end":{}}],"line":64}},"s":{"0":38,"1":38,"2":38,"3":38,"4":20,"5":18,"6":1,"7":17,"8":3,"9":14,"10":2,"11":12,"12":2,"13":10,"14":3,"15":7,"16":1,"17":6,"18":1,"19":5,"20":1,"21":4,"22":1,"23":3},"f":{"0":38},"b":{"0":[3,35],"1":[35,20],"2":[3,35],"3":[35,15],"4":[20,18],"5":[38,20],"6":[1,17],"7":[3,14],"8":[17,15],"9":[2,12],"10":[14,13],"11":[2,10],"12":[12,11],"13":[3,7],"14":[10,8],"15":[1,6],"16":[1,5],"17":[1,4],"18":[1,3]},"meta":{"lastBranch":19,"lastFunction":1,"lastStatement":24,"seen":{"f:2:16:2:37":0,"s:3:18:3:Infinity":0,"b:3:46:3:54:3:54:3:Infinity":0,"b:3:54:3:71:3:71:3:Infinity":1,"s:4:15:4:Infinity":1,"b:4:43:4:48:4:48:4:Infinity":2,"b:4:48:4:62:4:62:4:Infinity":3,"s:7:43:32:Infinity":2,"b:35:2:37:Infinity:undefined:undefined:undefined:undefined":4,"s:35:2:37:Infinity":3,"b:35:6:35:14:35:14:35:30":5,"s:36:4:36:Infinity":4,"b:40:2:42:Infinity:undefined:undefined:undefined:undefined":6,"s:40:2:42:Infinity":5,"s:41:4:41:Infinity":6,"b:43:2:45:Infinity:undefined:undefined:undefined:undefined":7,"s:43:2:45:Infinity":7,"b:43:6:43:43:43:43:43:79":8,"s:44:4:44:Infinity":8,"b:46:2:48:Infinity:undefined:undefined:undefined:undefined":9,"s:46:2:48:Infinity":9,"b:46:6:46:41:46:41:46:73":10,"s:47:4:47:Infinity":10,"b:49:2:51:Infinity:undefined:undefined:undefined:undefined":11,"s:49:2:51:Infinity":11,"b:49:6:49:47:49:47:49:83":12,"s:50:4:50:Infinity":12,"b:52:2:54:Infinity:undefined:undefined:undefined:undefined":13,"s:52:2:54:Infinity":13,"b:52:6:52:37:52:37:52:64":14,"s:53:4:53:Infinity":14,"b:55:2:57:Infinity:undefined:undefined:undefined:undefined":15,"s:55:2:57:Infinity":15,"s:56:4:56:Infinity":16,"b:58:2:60:Infinity:undefined:undefined:undefined:undefined":16,"s:58:2:60:Infinity":17,"s:59:4:59:Infinity":18,"b:61:2:63:Infinity:undefined:undefined:undefined:undefined":17,"s:61:2:63:Infinity":19,"s:62:4:62:Infinity":20,"b:64:2:66:Infinity:undefined:undefined:undefined:undefined":18,"s:64:2:66:Infinity":21,"s:65:4:65:Infinity":22,"s:69:2:69:Infinity":23}}}
,"/Users/kcasti01/Documents/Personal/GhostSwap /lib/supabase-server.ts": {"path":"/Users/kcasti01/Documents/Personal/GhostSwap /lib/supabase-server.ts","statementMap":{"0":{"start":{"line":5,"column":22},"end":{"line":5,"column":null}},"1":{"start":{"line":7,"column":2},"end":{"line":27,"column":null}},"2":{"start":{"line":13,"column":10},"end":{"line":13,"column":null}},"3":{"start":{"line":16,"column":10},"end":{"line":23,"column":null}},"4":{"start":{"line":17,"column":12},"end":{"line":19,"column":null}},"5":{"start":{"line":18,"column":14},"end":{"line":18,"column":null}}},"fnMap":{"0":{"name":"createClient","decl":{"start":{"line":4,"column":22},"end":{"line":4,"column":37}},"loc":{"start":{"line":4,"column":37},"end":{"line":28,"column":null}},"line":4},"1":{"name":"(anonymous_1)","decl":{"start":{"line":12,"column":8},"end":{"line":12,"column":17}},"loc":{"start":{"line":12,"column":17},"end":{"line":14,"column":null}},"line":12},"2":{"name":"(anonymous_2)","decl":{"start":{"line":15,"column":8},"end":{"line":15,"column":15}},"loc":{"start":{"line":15,"column":29},"end":{"line":24,"column":null}},"line":15},"3":{"name":"(anonymous_3)","decl":{"start":{"line":17,"column":33},"end":{"line":17,"column":34}},"loc":{"start":{"line":18,"column":14},"end":{"line":18,"column":null}},"line":18}},"branchMap":{},"s":{"0":0,"1":0,"2":0,"3":0,"4":0,"5":0},"f":{"0":0,"1":0,"2":0,"3":0},"b":{},"meta":{"lastBranch":0,"lastFunction":4,"lastStatement":6,"seen":{"f:4:22:4:37":0,"s:5:22:5:Infinity":0,"s:7:2:27:Infinity":1,"f:12:8:12:17":1,"s:13:10:13:Infinity":2,"f:15:8:15:15":2,"s:16:10:23:Infinity":3,"s:17:12:19:Infinity":4,"f:17:33:17:34":3,"s:18:14:18:Infinity":5}}}
,"/Users/kcasti01/Documents/Personal/GhostSwap /lib/supabase.ts": {"path":"/Users/kcasti01/Documents/Personal/GhostSwap /lib/supabase.ts","statementMap":{"0":{"start":{"line":4,"column":2},"end":{"line":7,"column":null}},"1":{"start":{"line":11,"column":13},"end":{"line":14,"column":null}}},"fnMap":{"0":{"name":"createClient","decl":{"start":{"line":3,"column":16},"end":{"line":3,"column":31}},"loc":{"start":{"line":3,"column":31},"end":{"line":8,"column":null}},"line":3}},"branchMap":{},"s":{"0":0,"1":0},"f":{"0":0},"b":{},"meta":{"lastBranch":0,"lastFunction":1,"lastStatement":2,"seen":{"f:3:16:3:31":0,"s:4:2:7:Infinity":0,"s:11:13:14:Infinity":1}}}
,"/Users/kcasti01/Documents/Personal/GhostSwap /lib/types.ts": {"path":"/Users/kcasti01/Documents/Personal/GhostSwap /lib/types.ts","statementMap":{},"fnMap":{},"branchMap":{},"s":{},"f":{},"b":{},"meta":{"lastBranch":0,"lastFunction":0,"lastStatement":0,"seen":{}}}
,"/Users/kcasti01/Documents/Personal/GhostSwap /lib/utils.ts": {"path":"/Users/kcasti01/Documents/Personal/GhostSwap /lib/utils.ts","statementMap":{"0":{"start":{"line":5,"column":2},"end":{"line":5,"column":null}}},"fnMap":{"0":{"name":"cn","decl":{"start":{"line":4,"column":16},"end":{"line":4,"column":22}},"loc":{"start":{"line":4,"column":44},"end":{"line":6,"column":null}},"line":4}},"branchMap":{},"s":{"0":8},"f":{"0":8},"b":{},"meta":{"lastBranch":0,"lastFunction":1,"lastStatement":1,"seen":{"f:4:16:4:22":0,"s:5:2:5:Infinity":0}}}
,"/Users/kcasti01/Documents/Personal/GhostSwap /lib/validations.ts": {"path":"/Users/kcasti01/Documents/Personal/GhostSwap /lib/validations.ts","statementMap":{"0":{"start":{"line":4,"column":33},"end":{"line":9,"column":null}},"1":{"start":{"line":11,"column":29},"end":{"line":11,"column":null}},"2":{"start":{"line":13,"column":30},"end":{"line":13,"column":null}},"3":{"start":{"line":16,"column":31},"end":{"line":18,"column":null}},"4":{"start":{"line":21,"column":34},"end":{"line":26,"column":null}},"5":{"start":{"line":28,"column":36},"end":{"line":28,"column":null}}},"fnMap":{},"branchMap":{},"s":{"0":1,"1":1,"2":1,"3":1,"4":1,"5":1},"f":{},"b":{},"meta":{"lastBranch":0,"lastFunction":0,"lastStatement":6,"seen":{"s:4:33:9:Infinity":0,"s:11:29:11:Infinity":1,"s:13:30:13:Infinity":2,"s:16:31:18:Infinity":3,"s:21:34:26:Infinity":4,"s:28:36:28:Infinity":5}}}
}
